<?xml version="1.0" encoding="UTF-8"?>
<testng-results skipped="0" failed="0" ignored="0" total="2" passed="2">
  <reporter-output>
  </reporter-output>
  <suite name="Orange HRM Regression Suite" duration-ms="22273" started-at="2023-02-12T15:58:07Z" finished-at="2023-02-12T15:58:29Z">
    <groups>
    </groups>
    <test name="TC002_NumberOfLinks" duration-ms="14203" started-at="2023-02-12T15:58:07Z" finished-at="2023-02-12T15:58:21Z">
      <class name="com.OrangeHRM.testCases.TC002_NumberOfLinks">
        <test-method status="PASS" signature="setup(java.lang.String)[pri:0, instance:com.OrangeHRM.testCases.TC002_NumberOfLinks@21a451]" name="setup" is-config="true" duration-ms="12632" started-at="2023-02-12T15:58:07Z" finished-at="2023-02-12T15:58:20Z">
          <params>
            <param index="0">
              <value>
                <![CDATA[edge]]>
              </value>
            </param>
          </params>
          <reporter-output>
          </reporter-output>
        </test-method> <!-- setup -->
        <test-method status="PASS" signature="countNumberOfLinks()[pri:0, instance:com.OrangeHRM.testCases.TC002_NumberOfLinks@21a451]" name="countNumberOfLinks" duration-ms="720" started-at="2023-02-12T15:58:20Z" finished-at="2023-02-12T15:58:20Z">
          <reporter-output>
          </reporter-output>
        </test-method> <!-- countNumberOfLinks -->
        <test-method status="PASS" signature="closeApplication()[pri:0, instance:com.OrangeHRM.testCases.TC002_NumberOfLinks@21a451]" name="closeApplication" is-config="true" duration-ms="824" started-at="2023-02-12T15:58:20Z" finished-at="2023-02-12T15:58:21Z">
          <reporter-output>
          </reporter-output>
        </test-method> <!-- closeApplication -->
      </class> <!-- com.OrangeHRM.testCases.TC002_NumberOfLinks -->
    </test> <!-- TC002_NumberOfLinks -->
    <test name="TC001_VerifyDashboardText" duration-ms="8060" started-at="2023-02-12T15:58:21Z" finished-at="2023-02-12T15:58:29Z">
      <class name="com.OrangeHRM.testCases.TC001_VerifyDashboardText">
        <test-method status="PASS" signature="setup(java.lang.String)[pri:0, instance:com.OrangeHRM.testCases.TC001_VerifyDashboardText@1ba6d4e]" name="setup" is-config="true" duration-ms="4672" started-at="2023-02-12T15:58:21Z" finished-at="2023-02-12T15:58:26Z">
          <params>
            <param index="0">
              <value>
                <![CDATA[edge]]>
              </value>
            </param>
          </params>
          <reporter-output>
          </reporter-output>
        </test-method> <!-- setup -->
        <test-method status="PASS" signature="checkDashboardText()[pri:0, instance:com.OrangeHRM.testCases.TC001_VerifyDashboardText@1ba6d4e]" name="checkDashboardText" duration-ms="2569" started-at="2023-02-12T15:58:26Z" finished-at="2023-02-12T15:58:29Z">
          <reporter-output>
          </reporter-output>
        </test-method> <!-- checkDashboardText -->
        <test-method status="PASS" signature="closeApplication()[pri:0, instance:com.OrangeHRM.testCases.TC001_VerifyDashboardText@1ba6d4e]" name="closeApplication" is-config="true" duration-ms="819" started-at="2023-02-12T15:58:29Z" finished-at="2023-02-12T15:58:29Z">
          <reporter-output>
          </reporter-output>
        </test-method> <!-- closeApplication -->
      </class> <!-- com.OrangeHRM.testCases.TC001_VerifyDashboardText -->
    </test> <!-- TC001_VerifyDashboardText -->
  </suite> <!-- Orange HRM Regression Suite -->
</testng-results>
