<?xml version="1.0" encoding="UTF-8"?>
<testsuite xmlns:xsi="http://www.w3.org/2001/XMLSchema-instance" xsi:noNamespaceSchemaLocation="https://maven.apache.org/surefire/maven-surefire-plugin/xsd/surefire-test-report-3.0.xsd" version="3.0" name="TestSuite" time="24.202" tests="2" errors="0" skipped="0" failures="0">
  <properties>
[...]
</properties>
  <testcase name="countNumberOfLinks" classname="com.OrangeHRM.testCases.TC002_NumberOfLinks" time="0.606">
    <system-out><![CDATA[[TestNGContentHandler] [WARN] It is strongly recommended to add "<!DOCTYPE suite SYSTEM "http://testng.org/testng-1.0.dtd" >" at the top of your file, otherwise TestNG may fail or not work as expected.
[INFO ] 12-02-2023 10:58:09.950 TC002_NumberOfLinks - Edge browser is launched
[INFO ] 12-02-2023 10:58:20.242 TC002_NumberOfLinks - Orange HRM application is opened.
[INFO ] 12-02-2023 10:58:20.976 TC002_NumberOfLinks - Total number of links on Login Page is -5
]]></system-out>
    <system-err><![CDATA[SLF4J: Failed to load class "org.slf4j.impl.StaticLoggerBinder".
SLF4J: Defaulting to no-operation (NOP) logger implementation
SLF4J: See http://www.slf4j.org/codes.html#StaticLoggerBinder for further details.
Starting Microsoft Edge WebDriver 110.0.1587.41 (dec2c0803210602702555b3ee7cdbf59c9a7eb17) on port 41434
To submit feedback, report a bug, or suggest new features, please visit https://github.com/MicrosoftEdge/EdgeWebDriver

Only local connections are allowed.
Please see https://aka.ms/WebDriverSecurity for suggestions on keeping Microsoft Edge WebDriver safe.

Microsoft Edge WebDriver was started successfully.
[1676217489.838][WARNING]: virtual void DevToolsClientImpl::AddListener(DevToolsEventListener *) subscribing a listener to the already connected DevToolsClient. Connection notification will not arrive.
Feb 12, 2023 10:58:09 AM org.openqa.selenium.remote.ProtocolHandshake createSession
INFO: Detected dialect: W3C
]]></system-err>
  </testcase>
  <testcase name="checkDashboardText" classname="com.OrangeHRM.testCases.TC001_VerifyDashboardText" time="2.488">
    <system-out><![CDATA[[INFO ] 12-02-2023 10:58:21.801 TC002_NumberOfLinks - Orange HRM application is closed
[INFO ] 12-02-2023 10:58:23.416 TC001_VerifyDashboardText - Edge browser is launched
[INFO ] 12-02-2023 10:58:26.475 TC001_VerifyDashboardText - Orange HRM application is opened.
Value entered in Username field is - Admin
Value entered in Password field is - admin123
Clicked on Login button
[INFO ] 12-02-2023 10:58:29.052 TC001_VerifyDashboardText - Dashboard text is present
]]></system-out>
    <system-err><![CDATA[Starting Microsoft Edge WebDriver 110.0.1587.41 (dec2c0803210602702555b3ee7cdbf59c9a7eb17) on port 40777
To submit feedback, report a bug, or suggest new features, please visit https://github.com/MicrosoftEdge/EdgeWebDriver

Only local connections are allowed.
Please see https://aka.ms/WebDriverSecurity for suggestions on keeping Microsoft Edge WebDriver safe.

Microsoft Edge WebDriver was started successfully.
[1676217503.339][WARNING]: virtual void DevToolsClientImpl::AddListener(DevToolsEventListener *) subscribing a listener to the already connected DevToolsClient. Connection notification will not arrive.
Feb 12, 2023 10:58:23 AM org.openqa.selenium.remote.ProtocolHandshake createSession
INFO: Detected dialect: W3C
]]></system-err>
  </testcase>
</testsuite>