<?xml version="1.0" encoding="UTF-8"?>
<testng-results skipped="0" failed="0" ignored="0" total="2" passed="2">
  <reporter-output>
  </reporter-output>
  <suite name="Orange HRM Regression Suite" duration-ms="13876" started-at="2023-02-12T15:37:48Z" finished-at="2023-02-12T15:38:02Z">
    <groups>
    </groups>
    <test name="TC002_NumberOfLinks" duration-ms="6603" started-at="2023-02-12T15:37:48Z" finished-at="2023-02-12T15:37:55Z">
      <class name="com.OrangeHRM.testCases.TC002_NumberOfLinks">
        <test-method status="PASS" signature="setup(java.lang.String)[pri:0, instance:com.OrangeHRM.testCases.TC002_NumberOfLinks@15509d9]" name="setup" is-config="true" duration-ms="5255" started-at="2023-02-12T15:37:48Z" finished-at="2023-02-12T15:37:53Z">
          <params>
            <param index="0">
              <value>
                <![CDATA[edge]]>
              </value>
            </param>
          </params>
          <reporter-output>
          </reporter-output>
        </test-method> <!-- setup -->
        <test-method status="PASS" signature="countNumberOfLinks()[pri:0, instance:com.OrangeHRM.testCases.TC002_NumberOfLinks@15509d9]" name="countNumberOfLinks" duration-ms="401" started-at="2023-02-12T15:37:53Z" finished-at="2023-02-12T15:37:54Z">
          <reporter-output>
          </reporter-output>
        </test-method> <!-- countNumberOfLinks -->
        <test-method status="PASS" signature="closeApplication()[pri:0, instance:com.OrangeHRM.testCases.TC002_NumberOfLinks@15509d9]" name="closeApplication" is-config="true" duration-ms="919" started-at="2023-02-12T15:37:54Z" finished-at="2023-02-12T15:37:55Z">
          <reporter-output>
          </reporter-output>
        </test-method> <!-- closeApplication -->
      </class> <!-- com.OrangeHRM.testCases.TC002_NumberOfLinks -->
    </test> <!-- TC002_NumberOfLinks -->
    <test name="TC001_VerifyDashboardText" duration-ms="7256" started-at="2023-02-12T15:37:55Z" finished-at="2023-02-12T15:38:02Z">
      <class name="com.OrangeHRM.testCases.TC001_VerifyDashboardText">
        <test-method status="PASS" signature="setup(java.lang.String)[pri:0, instance:com.OrangeHRM.testCases.TC001_VerifyDashboardText@75da3]" name="setup" is-config="true" duration-ms="4051" started-at="2023-02-12T15:37:55Z" finished-at="2023-02-12T15:37:59Z">
          <params>
            <param index="0">
              <value>
                <![CDATA[edge]]>
              </value>
            </param>
          </params>
          <reporter-output>
          </reporter-output>
        </test-method> <!-- setup -->
        <test-method status="PASS" signature="checkDashboardText()[pri:0, instance:com.OrangeHRM.testCases.TC001_VerifyDashboardText@75da3]" name="checkDashboardText" duration-ms="2447" started-at="2023-02-12T15:37:59Z" finished-at="2023-02-12T15:38:01Z">
          <reporter-output>
          </reporter-output>
        </test-method> <!-- checkDashboardText -->
        <test-method status="PASS" signature="closeApplication()[pri:0, instance:com.OrangeHRM.testCases.TC001_VerifyDashboardText@75da3]" name="closeApplication" is-config="true" duration-ms="752" started-at="2023-02-12T15:38:01Z" finished-at="2023-02-12T15:38:02Z">
          <reporter-output>
          </reporter-output>
        </test-method> <!-- closeApplication -->
      </class> <!-- com.OrangeHRM.testCases.TC001_VerifyDashboardText -->
    </test> <!-- TC001_VerifyDashboardText -->
  </suite> <!-- Orange HRM Regression Suite -->
</testng-results>
